<?xml version="1.0" encoding="UTF-8"?>
<coverage generated="1617664796836" clover="3.2.0">
  <project timestamp="1617664796836" name="All files">
    <metrics statements="14" coveredstatements="1" conditionals="0" coveredconditionals="0" methods="7" coveredmethods="0" elements="21" coveredelements="1" complexity="0" loc="14" ncloc="14" packages="1" files="2" classes="2"/>
    <file name="App.jsx" path="/Users/jessesmith/Desktop/coding/Galvanize/Smove/client/components/App.jsx">
      <metrics statements="2" coveredstatements="1" conditionals="0" coveredconditionals="0" methods="1" coveredmethods="0"/>
      <line num="9" count="1" type="stmt"/>
      <line num="10" count="0" type="stmt"/>
    </file>
    <file name="Login.jsx" path="/Users/jessesmith/Desktop/coding/Galvanize/Smove/client/components/Login.jsx">
      <metrics statements="12" coveredstatements="0" conditionals="0" coveredconditionals="0" methods="6" coveredmethods="0"/>
      <line num="5" count="0" type="stmt"/>
      <line num="7" count="0" type="stmt"/>
      <line num="11" count="0" type="stmt"/>
      <line num="12" count="0" type="stmt"/>
      <line num="16" count="0" type="stmt"/>
      <line num="30" count="0" type="stmt"/>
      <line num="31" count="0" type="stmt"/>
      <line num="32" count="0" type="stmt"/>
      <line num="33" count="0" type="stmt"/>
      <line num="34" count="0" type="stmt"/>
      <line num="35" count="0" type="stmt"/>
      <line num="39" count="0" type="stmt"/>
    </file>
  </project>
</coverage>
